Build started 12/18/2019 7:57:23 PM.
     1>Project "E:\Project-Assembly\Project.vcxproj" on node 2 (Build target(s)).
       Project file contains ToolsVersion="15.0". This toolset may be unknown or missing, in which case you may be able to resolve this by installing the appropriate version of MSBuild, or the build may have been forced to a particular ToolsVersion for policy reasons. Treating the project as if it had ToolsVersion="4.0". For more information, please see http://go.microsoft.com/fwlink/?LinkId=291333.
     1>PreBuildEvent:
         taskkill /f /fi "imagename eq Project.exe"
         :VCEnd
         
         INFO: No tasks running with the specified criteria.
       _MASM:
         Assembling main.asm...
         cmd.exe /C "C:\Users\aya\AppData\Local\Temp\tmp8e7e9a45cba84d829a6db3aff4b8b074.cmd"
         ml.exe /c /nologo /Zi /Fo"Debug\main.obj" /I "E:\Teaching\Assembly 07\IrvineExamples" /W3 /errorReport:prompt  /Tamain.asm
       Link:
         C:\Program Files (x86)\Microsoft Visual Studio 11.0\VC\bin\link.exe /ERRORREPORT:PROMPT /OUT:"E:\Project-Assembly\Debug\Project.exe" /NOLOGO user32.lib irvine32FCIS.lib kernel32.lib user32.lib gdi32.lib winspool.lib comdlg32.lib advapi32.lib shell32.lib ole32.lib oleaut32.lib uuid.lib odbc32.lib odbccp32.lib /MANIFEST /MANIFESTUAC:"level='asInvoker' uiAccess='false'" /manifest:embed /DEBUG /PDB:"E:\Project-Assembly\Debug\Project.pdb" /SUBSYSTEM:CONSOLE /TLBID:1 /DYNAMICBASE /NXCOMPAT /IMPLIB:"E:\Project-Assembly\Debug\Project.lib" /MACHINE:X86 /SAFESEH:NO Debug\main.obj
         Project.vcxproj -> E:\Project-Assembly\Debug\Project.exe
       PostBuildEvent:
         "E:\Project-Assembly\Debug\Students_Autograder.exe"
         :VCEnd
         ######################################################################
         ##                       AUTOGRADER STARTED!!                       ##
         ######################################################################
         
         Q1 result: Timeout
         Q2 result: Timeout
         Q3 result: Failure
         Q4 result: Timeout
         Q5 result: Timeout
         Q6 result: Timeout
         Q7 result: Timeout
         
         TOTAL GRADE: 0 OUT OF 7
         
         ######################################################################
         ##               AUTOGRADING FINISHED SUCCESSFULLY!!                ##
         ######################################################################
         
     1>Done Building Project "E:\Project-Assembly\Project.vcxproj" (Build target(s)).

Build succeeded.

Time Elapsed 00:01:16.49
